TN:
SF:/Users/brijesh/Desktop/SEM_2/INFO_7500/DutchAuctionV1.0/contracts/BasicDutchAuction.sol
FN:22,isAuctionValid
FN:29,constructor
FN:41,bid
FNF:3
FNH:3
FNDA:5,isAuctionValid
FNDA:3,constructor
FNDA:3,bid
DA:23,5
DA:24,4
DA:25,3
DA:26,3
DA:27,3
DA:30,3
DA:31,3
DA:32,3
DA:33,3
DA:34,3
DA:35,3
DA:36,3
DA:37,3
DA:42,3
DA:43,3
DA:44,3
DA:45,2
DA:46,2
DA:49,1
DA:50,1
DA:52,3
LF:21
LH:21
BRDA:23,1,0,4
BRDA:23,1,1,1
BRDA:24,2,0,3
BRDA:24,2,1,1
BRDA:25,3,0,3
BRDA:25,3,1,0
BRDA:26,4,0,3
BRDA:26,4,1,0
BRDA:41,5,0,3
BRDA:41,5,1,2
BRDA:44,6,0,2
BRDA:44,6,1,1
BRF:12
BRH:10
end_of_record
TN:
SF:/Users/brijesh/Desktop/SEM_2/INFO_7500/DutchAuctionV1.0/contracts/Lock.sol
FN:13,constructor
FN:23,withdraw
FNF:2
FNH:2
FNDA:4,constructor
FNDA:5,withdraw
DA:14,4
DA:19,3
DA:20,3
DA:27,5
DA:28,4
DA:30,3
DA:32,3
LF:7
LH:7
BRDA:14,1,0,3
BRDA:14,1,1,1
BRDA:27,2,0,4
BRDA:27,2,1,1
BRDA:28,3,0,3
BRDA:28,3,1,1
BRF:6
BRH:6
end_of_record
